<?xml version="1.0" encoding="UTF-8"?>
<!-- Generated by org.testng.reporters.JUnitXMLReporter -->
<testsuite ignored="0" hostname="DESKTOP-G7LJERD" failures="1" tests="2" name="Command line test" time="30.061" errors="0" timestamp="07 Apr 2020 15:23:09 GMT">
  <testcase classname="com.Jenkins.BasicMavenSeleniumTest.SeleniumTest2" name="test2" time="5.388"/>
  <testcase classname="com.Jenkins.BasicMavenSeleniumTest.SeleniumTest3" name="test3" time="5.358">
    <failure type="junit.framework.ComparisonFailure" message="expected:&amp;lt;...1&amp;gt; but was:&amp;lt;...&amp;gt;">
      <![CDATA[junit.framework.ComparisonFailure: expected:<...1> but was:<...>
at junit.framework.Assert.assertEquals(Assert.java:81)
at junit.framework.Assert.assertEquals(Assert.java:87)
at com.Jenkins.BasicMavenSeleniumTest.SeleniumTest3.test3(SeleniumTest3.java:27)
... Removed 35 stack frames]]>
    </failure>
  </testcase> <!-- test3 -->
</testsuite> <!-- Command line test -->
