<?xml version="1.0" encoding="UTF-8"?>
<testng-results ignored="0" total="1" passed="1" failed="0" skipped="0">
  <reporter-output>
  </reporter-output>
  <suite started-at="2020-04-07T14:50:42Z" name="Command line suite" finished-at="2020-04-07T14:51:00Z" duration-ms="17624">
    <groups>
    </groups>
    <test started-at="2020-04-07T14:50:42Z" name="Command line test" finished-at="2020-04-07T14:51:00Z" duration-ms="17624">
      <class name="com.Jenkins.BasicMavenSeleniumTest.SeleniumTest">
        <test-method is-config="true" signature="setup()[pri:0, instance:com.Jenkins.BasicMavenSeleniumTest.SeleniumTest@e056f20]" started-at="2020-04-07T14:50:42Z" name="setup" finished-at="2020-04-07T14:50:48Z" duration-ms="5609" status="PASS">
          <reporter-output>
          </reporter-output>
        </test-method> <!-- setup -->
        <test-method signature="main()[pri:0, instance:com.Jenkins.BasicMavenSeleniumTest.SeleniumTest@e056f20]" started-at="2020-04-07T14:50:48Z" name="main" finished-at="2020-04-07T14:50:56Z" duration-ms="7848" status="PASS">
          <reporter-output>
          </reporter-output>
        </test-method> <!-- main -->
        <test-method is-config="true" signature="after()[pri:0, instance:com.Jenkins.BasicMavenSeleniumTest.SeleniumTest@e056f20]" started-at="2020-04-07T14:50:56Z" name="after" finished-at="2020-04-07T14:51:00Z" duration-ms="4150" status="PASS">
          <reporter-output>
          </reporter-output>
        </test-method> <!-- after -->
      </class> <!-- com.Jenkins.BasicMavenSeleniumTest.SeleniumTest -->
    </test> <!-- Command line test -->
  </suite> <!-- Command line suite -->
</testng-results>
