<?xml version="1.0" encoding="UTF-8"?>
<testng-results ignored="0" total="1" passed="1" failed="0" skipped="0">
  <reporter-output>
  </reporter-output>
  <suite started-at="2020-04-07T14:03:40Z" name="Suite" finished-at="2020-04-07T14:03:52Z" duration-ms="11673">
    <groups>
    </groups>
    <test started-at="2020-04-07T14:03:40Z" name="Test" finished-at="2020-04-07T14:03:52Z" duration-ms="11673">
      <class name="com.Jenkins.BasicMavenSeleniumTest.SeleniumTest">
        <test-method is-config="true" signature="setup()[pri:0, instance:com.Jenkins.BasicMavenSeleniumTest.SeleniumTest@291caca8]" started-at="2020-04-07T14:03:40Z" name="setup" finished-at="2020-04-07T14:03:46Z" duration-ms="5710" status="PASS">
          <reporter-output>
          </reporter-output>
        </test-method> <!-- setup -->
        <test-method signature="main()[pri:0, instance:com.Jenkins.BasicMavenSeleniumTest.SeleniumTest@291caca8]" started-at="2020-04-07T14:03:46Z" name="main" finished-at="2020-04-07T14:03:52Z" duration-ms="5785" status="PASS">
          <reporter-output>
          </reporter-output>
        </test-method> <!-- main -->
        <test-method is-config="true" signature="after()[pri:0, instance:com.Jenkins.BasicMavenSeleniumTest.SeleniumTest@291caca8]" started-at="2020-04-07T14:03:52Z" name="after" finished-at="2020-04-07T14:03:52Z" duration-ms="159" status="PASS">
          <reporter-output>
          </reporter-output>
        </test-method> <!-- after -->
      </class> <!-- com.Jenkins.BasicMavenSeleniumTest.SeleniumTest -->
    </test> <!-- Test -->
  </suite> <!-- Suite -->
</testng-results>
